Log file open, 05/26/24 20:52:19
LogWindows: Failed to load 'aqProf.dll' (GetLastError=126)
LogWindows: File 'aqProf.dll' does not exist
LogWindows: Failed to load 'VtuneApi.dll' (GetLastError=126)
LogWindows: File 'VtuneApi.dll' does not exist
LogWindows: Failed to load 'VtuneApi32e.dll' (GetLastError=126)
LogWindows: File 'VtuneApi32e.dll' does not exist
LogInit: Display: Running engine for game: ArenaBattle
LogPlatformFile: Not using cached read wrapper
LogInit: Display: RandInit(-646200928) SRandInit(-646200928).
LogInit: Read version file with build ID '3944462'
LogInit: Overriding engine version to CL 4033788, compatible CL 3944462
LogInit: Registered custom module enumerator with build ID '3944462'
LogTaskGraph: Started task graph with 5 named threads and 59 total threads with 3 sets of task threads.
LogStats: Stats thread started at 0.894894
LogD3D11RHI: Aftermath initialized
LogICUInternationalization: Display: ICU TimeZone Detection - Raw Offset: +9:00, Platform Override: ''
LogPluginManager: Mounting plugin Paper2D
LogPluginManager: Mounting plugin LiveLink
LogPluginManager: Mounting plugin LightPropagationVolume
LogPluginManager: Mounting plugin CLionSourceCodeAccess
LogPluginManager: Mounting plugin CodeLiteSourceCodeAccess
LogPluginManager: Mounting plugin GitSourceControl
LogPluginManager: Mounting plugin KDevelopSourceCodeAccess
LogPluginManager: Mounting plugin NullSourceCodeAccess
LogPluginManager: Mounting plugin PerforceSourceControl
LogPluginManager: Mounting plugin SubversionSourceControl
LogPluginManager: Mounting plugin UObjectPlugin
LogPluginManager: Mounting plugin VisualStudioCodeSourceCodeAccess
LogPluginManager: Mounting plugin VisualStudioSourceCodeAccess
LogPluginManager: Mounting plugin XCodeSourceCodeAccess
LogPluginManager: Mounting plugin AssetManagerEditor
LogPluginManager: Mounting plugin CryptoKeys
LogPluginManager: Mounting plugin DataValidation
LogPluginManager: Mounting plugin FacialAnimation
LogPluginManager: Mounting plugin GameplayTagsEditor
LogPluginManager: Mounting plugin MobileLauncherProfileWizard
LogPluginManager: Mounting plugin PluginBrowser
LogPluginManager: Mounting plugin SpeedTreeImporter
LogPluginManager: Mounting plugin DatasmithContent
LogPluginManager: Mounting plugin AlembicImporter
LogPluginManager: Mounting plugin CharacterAI
LogPluginManager: Mounting plugin HTML5Networking
LogPluginManager: Mounting plugin AndroidMedia
LogPluginManager: Mounting plugin AvfMedia
LogPluginManager: Mounting plugin ImgMedia
LogPluginManager: Mounting plugin LinearTimecode
LogPluginManager: Mounting plugin MediaCompositing
LogPluginManager: Mounting plugin MediaPlayerEditor
LogPluginManager: Mounting plugin WmfMedia
LogPluginManager: Mounting plugin TcpMessaging
LogPluginManager: Mounting plugin UdpMessaging
LogPluginManager: Mounting plugin ActorSequence
LogPluginManager: Mounting plugin LevelSequenceEditor
LogPluginManager: Mounting plugin MatineeToLevelSequence
LogPluginManager: Mounting plugin NetcodeUnitTest
LogPluginManager: Mounting plugin NUTUnrealEngine4
LogPluginManager: Mounting plugin OnlineSubsystemGooglePlay
LogPluginManager: Mounting plugin OnlineSubsystemIOS
LogPluginManager: Mounting plugin OnlineSubsystem
LogPluginManager: Mounting plugin OnlineSubsystemNull
LogPluginManager: Mounting plugin OnlineSubsystemUtils
LogPluginManager: Mounting plugin AndroidDeviceProfileSelector
LogPluginManager: Mounting plugin AndroidMoviePlayer
LogPluginManager: Mounting plugin AndroidPermission
LogPluginManager: Mounting plugin AppleARKit
LogPluginManager: Mounting plugin AppleMoviePlayer
LogPluginManager: Mounting plugin ArchVisCharacter
LogPluginManager: Mounting plugin AudioCapture
LogPluginManager: Mounting plugin CableComponent
LogPluginManager: Mounting plugin CustomMeshComponent
LogPluginManager: Mounting plugin ExampleDeviceProfileSelector
LogPluginManager: Mounting plugin GoogleCloudMessaging
LogPluginManager: Mounting plugin ImmediatePhysics
LogPluginManager: Mounting plugin IOSDeviceProfileSelector
LogPluginManager: Mounting plugin LinuxDeviceProfileSelector
LogPluginManager: Mounting plugin LocationServicesBPLibrary
LogPluginManager: Mounting plugin MobilePatchingUtils
LogPluginManager: Mounting plugin OculusVR
LogPluginManager: Plugin shader directory ../../../Engine/Plugins/Runtime/Oculus/OculusVR/Shaders found
LogPluginManager: Mapping shader source directory ../../../Engine/Plugins/Runtime/Oculus/OculusVR/Shaders to virtual directory /Plugin/OculusVR
LogPluginManager: Mounting plugin PhysXVehicles
LogPluginManager: Mounting plugin ProceduralMeshComponent
LogPluginManager: Mounting plugin RuntimePhysXCooking
LogPluginManager: Mounting plugin SteamVR
LogPluginManager: Mounting plugin WindowsMoviePlayer
LogStreaming: Display: Took  0.055s to configure plugins.
LogModuleManager: Display: Found up-to-date module file ../../../../../../Users/yummy/Documents/Unreal Projects/UE4CPP/ArenaBattle/Binaries/Win64/UE4Editor-ArenaBattle.dll (API version 3944462).
LogModuleManager: Display: Found up-to-date module file ../../../Engine/Plugins/2D/Paper2D/Binaries/Win64/UE4Editor-Paper2D.dll (API version 3944462).
LogModuleManager: Display: Found up-to-date module file ../../../Engine/Plugins/2D/Paper2D/Binaries/Win64/UE4Editor-Paper2DEditor.dll (API version 3944462).
LogModuleManager: Display: Found up-to-date module file ../../../Engine/Plugins/2D/Paper2D/Binaries/Win64/UE4Editor-PaperSpriteSheetImporter.dll (API version 3944462).
LogModuleManager: Display: Found up-to-date module file ../../../Engine/Plugins/2D/Paper2D/Binaries/Win64/UE4Editor-PaperTiledImporter.dll (API version 3944462).
LogModuleManager: Display: Found up-to-date module file ../../../Engine/Plugins/2D/Paper2D/Binaries/Win64/UE4Editor-SmartSnapping.dll (API version 3944462).
LogModuleManager: Display: Found up-to-date module file ../../../Engine/Plugins/Animation/LiveLink/Binaries/Win64/UE4Editor-LiveLink.dll (API version 3944462).
LogModuleManager: Display: Found up-to-date module file ../../../Engine/Plugins/Animation/LiveLink/Binaries/Win64/UE4Editor-LiveLinkEditor.dll (API version 3944462).
LogModuleManager: Display: Found up-to-date module file ../../../Engine/Plugins/Blendables/LightPropagationVolume/Binaries/Win64/UE4Editor-LightPropagationVolumeRuntime.dll (API version 3944462).
LogModuleManager: Display: Found up-to-date module file ../../../Engine/Plugins/Blendables/LightPropagationVolume/Binaries/Win64/UE4Editor-LightPropagationVolumeEditor.dll (API version 3944462).
LogModuleManager: Display: Found up-to-date module file ../../../Engine/Plugins/Developer/CLionSourceCodeAccess/Binaries/Win64/UE4Editor-CLionSourceCodeAccess.dll (API version 3944462).
LogModuleManager: Display: Found up-to-date module file ../../../Engine/Plugins/Developer/GitSourceControl/Binaries/Win64/UE4Editor-GitSourceControl.dll (API version 3944462).
LogModuleManager: Display: Found up-to-date module file ../../../Engine/Plugins/Developer/PerforceSourceControl/Binaries/Win64/UE4Editor-PerforceSourceControl.dll (API version 3944462).
LogModuleManager: Display: Found up-to-date module file ../../../Engine/Plugins/Developer/SubversionSourceControl/Binaries/Win64/UE4Editor-SubversionSourceControl.dll (API version 3944462).
LogModuleManager: Display: Found up-to-date module file ../../../Engine/Plugins/Developer/UObjectPlugin/Binaries/Win64/UE4Editor-UObjectPlugin.dll (API version 3944462).
LogModuleManager: Display: Found up-to-date module file ../../../Engine/Plugins/Developer/VisualStudioCodeSourceCodeAccess/Binaries/Win64/UE4Editor-VisualStudioCodeSourceCodeAccess.dll (API version 3944462).
LogModuleManager: Display: Found up-to-date module file ../../../Engine/Plugins/Developer/VisualStudioSourceCodeAccess/Binaries/Win64/UE4Editor-VisualStudioSourceCodeAccess.dll (API version 3944462).
LogModuleManager: Display: Found up-to-date module file ../../../Engine/Plugins/Editor/AssetManagerEditor/Binaries/Win64/UE4Editor-AssetManagerEditor.dll (API version 3944462).
LogModuleManager: Display: Found up-to-date module file ../../../Engine/Plugins/Editor/CryptoKeys/Binaries/Win64/UE4Editor-CryptoKeys.dll (API version 3944462).
LogModuleManager: Display: Found up-to-date module file ../../../Engine/Plugins/Editor/CryptoKeys/Binaries/Win64/UE4Editor-CryptoKeysOpenSSL.dll (API version 3944462).
LogModuleManager: Display: Found up-to-date module file ../../../Engine/Plugins/Editor/DataValidation/Binaries/Win64/UE4Editor-DataValidation.dll (API version 3944462).
LogModuleManager: Display: Found up-to-date module file ../../../Engine/Plugins/Editor/FacialAnimation/Binaries/Win64/UE4Editor-FacialAnimation.dll (API version 3944462).
LogModuleManager: Display: Found up-to-date module file ../../../Engine/Plugins/Editor/FacialAnimation/Binaries/Win64/UE4Editor-FacialAnimationEditor.dll (API version 3944462).
LogModuleManager: Display: Found up-to-date module file ../../../Engine/Plugins/Editor/GameplayTagsEditor/Binaries/Win64/UE4Editor-GameplayTagsEditor.dll (API version 3944462).
LogModuleManager: Display: Found up-to-date module file ../../../Engine/Plugins/Editor/MobileLauncherProfileWizard/Binaries/Win64/UE4Editor-MobileLauncherProfileWizard.dll (API version 3944462).
LogModuleManager: Display: Found up-to-date module file ../../../Engine/Plugins/Editor/PluginBrowser/Binaries/Win64/UE4Editor-PluginBrowser.dll (API version 3944462).
LogModuleManager: Display: Found up-to-date module file ../../../Engine/Plugins/Editor/SpeedTreeImporter/Binaries/Win64/UE4Editor-SpeedTreeImporter.dll (API version 3944462).
LogModuleManager: Display: Found up-to-date module file ../../../Engine/Plugins/Enterprise/DatasmithContent/Binaries/Win64/UE4Editor-DatasmithContent.dll (API version 3944462).
LogModuleManager: Display: Found up-to-date module file ../../../Engine/Plugins/Experimental/AlembicImporter/Binaries/Win64/UE4Editor-AlembicImporter.dll (API version 3944462).
LogModuleManager: Display: Found up-to-date module file ../../../Engine/Plugins/Experimental/AlembicImporter/Binaries/Win64/UE4Editor-AlembicLibrary.dll (API version 3944462).
LogModuleManager: Display: Found up-to-date module file ../../../Engine/Plugins/Experimental/CharacterAI/Binaries/Win64/UE4Editor-CharacterAI.dll (API version 3944462).
LogModuleManager: Display: Found up-to-date module file ../../../Engine/Plugins/Experimental/HTML5Networking/Binaries/Win64/UE4Editor-HTML5Networking.dll (API version 3944462).
LogModuleManager: Display: Found up-to-date module file ../../../Engine/Plugins/Media/AndroidMedia/Binaries/Win64/UE4Editor-AndroidMediaEditor.dll (API version 3944462).
LogModuleManager: Display: Found up-to-date module file ../../../Engine/Plugins/Media/AndroidMedia/Binaries/Win64/UE4Editor-AndroidMediaFactory.dll (API version 3944462).
LogModuleManager: Display: Found up-to-date module file ../../../Engine/Plugins/Media/AvfMedia/Binaries/Win64/UE4Editor-AvfMediaEditor.dll (API version 3944462).
LogModuleManager: Display: Found up-to-date module file ../../../Engine/Plugins/Media/AvfMedia/Binaries/Win64/UE4Editor-AvfMediaFactory.dll (API version 3944462).
LogModuleManager: Display: Found up-to-date module file ../../../Engine/Plugins/Media/AvfMedia/Binaries/Win64/UE4Editor-AvfMediaFactory.dll (API version 3944462).
LogModuleManager: Display: Found up-to-date module file ../../../Engine/Plugins/Media/ImgMedia/Binaries/Win64/UE4Editor-ImgMedia.dll (API version 3944462).
LogModuleManager: Display: Found up-to-date module file ../../../Engine/Plugins/Media/ImgMedia/Binaries/Win64/UE4Editor-ImgMediaEditor.dll (API version 3944462).
LogModuleManager: Display: Found up-to-date module file ../../../Engine/Plugins/Media/ImgMedia/Binaries/Win64/UE4Editor-ImgMediaFactory.dll (API version 3944462).
LogModuleManager: Display: Found up-to-date module file ../../../Engine/Plugins/Media/ImgMedia/Binaries/Win64/UE4Editor-ImgMediaFactory.dll (API version 3944462).
LogModuleManager: Display: Found up-to-date module file ../../../Engine/Plugins/Media/ImgMedia/Binaries/Win64/UE4Editor-OpenExrWrapper.dll (API version 3944462).
LogModuleManager: Display: Found up-to-date module file ../../../Engine/Plugins/Media/LinearTimecode/Binaries/Win64/UE4Editor-LinearTimecode.dll (API version 3944462).
LogModuleManager: Display: Found up-to-date module file ../../../Engine/Plugins/Media/MediaCompositing/Binaries/Win64/UE4Editor-MediaCompositing.dll (API version 3944462).
LogModuleManager: Display: Found up-to-date module file ../../../Engine/Plugins/Media/MediaCompositing/Binaries/Win64/UE4Editor-MediaCompositingEditor.dll (API version 3944462).
LogModuleManager: Display: Found up-to-date module file ../../../Engine/Plugins/Media/MediaPlayerEditor/Binaries/Win64/UE4Editor-MediaPlayerEditor.dll (API version 3944462).
LogModuleManager: Display: Found up-to-date module file ../../../Engine/Plugins/Media/WmfMedia/Binaries/Win64/UE4Editor-WmfMedia.dll (API version 3944462).
LogModuleManager: Display: Found up-to-date module file ../../../Engine/Plugins/Media/WmfMedia/Binaries/Win64/UE4Editor-WmfMediaEditor.dll (API version 3944462).
LogModuleManager: Display: Found up-to-date module file ../../../Engine/Plugins/Media/WmfMedia/Binaries/Win64/UE4Editor-WmfMediaFactory.dll (API version 3944462).
LogModuleManager: Display: Found up-to-date module file ../../../Engine/Plugins/Media/WmfMedia/Binaries/Win64/UE4Editor-WmfMediaFactory.dll (API version 3944462).
LogModuleManager: Display: Found up-to-date module file ../../../Engine/Plugins/Messaging/TcpMessaging/Binaries/Win64/UE4Editor-TcpMessaging.dll (API version 3944462).
LogModuleManager: Display: Found up-to-date module file ../../../Engine/Plugins/Messaging/UdpMessaging/Binaries/Win64/UE4Editor-UdpMessaging.dll (API version 3944462).
LogModuleManager: Display: Found up-to-date module file ../../../Engine/Plugins/MovieScene/ActorSequence/Binaries/Win64/UE4Editor-ActorSequence.dll (API version 3944462).
LogModuleManager: Display: Found up-to-date module file ../../../Engine/Plugins/MovieScene/LevelSequenceEditor/Binaries/Win64/UE4Editor-LevelSequenceEditor.dll (API version 3944462).
LogModuleManager: Display: Found up-to-date module file ../../../Engine/Plugins/MovieScene/MatineeToLevelSequence/Binaries/Win64/UE4Editor-MatineeToLevelSequence.dll (API version 3944462).
LogModuleManager: Display: Found up-to-date module file ../../../Engine/Plugins/NetcodeUnitTest/NetcodeUnitTest/Binaries/Win64/UE4Editor-NetcodeUnitTest.dll (API version 3944462).
LogModuleManager: Display: Found up-to-date module file ../../../Engine/Plugins/NetcodeUnitTest/NUTUnrealEngine4/Binaries/Win64/UE4Editor-NUTUnrealEngine4.dll (API version 3944462).
LogModuleManager: Display: Found up-to-date module file ../../../Engine/Plugins/Online/OnlineSubsystem/Binaries/Win64/UE4Editor-OnlineSubsystem.dll (API version 3944462).
LogModuleManager: Display: Found up-to-date module file ../../../Engine/Plugins/Online/OnlineSubsystemNull/Binaries/Win64/UE4Editor-OnlineSubsystemNull.dll (API version 3944462).
LogModuleManager: Display: Found up-to-date module file ../../../Engine/Plugins/Online/OnlineSubsystemUtils/Binaries/Win64/UE4Editor-OnlineSubsystemUtils.dll (API version 3944462).
LogModuleManager: Display: Found up-to-date module file ../../../Engine/Plugins/Online/OnlineSubsystemUtils/Binaries/Win64/UE4Editor-OnlineBlueprintSupport.dll (API version 3944462).
LogModuleManager: Display: Found up-to-date module file ../../../Engine/Plugins/Runtime/AndroidDeviceProfileSelector/Binaries/Win64/UE4Editor-AndroidDeviceProfileSelector.dll (API version 3944462).
LogModuleManager: Display: Found up-to-date module file ../../../Engine/Plugins/Runtime/AndroidPermission/Binaries/Win64/UE4Editor-AndroidPermission.dll (API version 3944462).
LogModuleManager: Display: Found up-to-date module file ../../../Engine/Plugins/Runtime/AppleARKit/Binaries/Win64/UE4Editor-AppleARKit.dll (API version 3944462).
LogModuleManager: Display: Found up-to-date module file ../../../Engine/Plugins/Runtime/ArchVisCharacter/Binaries/Win64/UE4Editor-ArchVisCharacter.dll (API version 3944462).
LogModuleManager: Display: Found up-to-date module file ../../../Engine/Plugins/Runtime/AudioCapture/Binaries/Win64/UE4Editor-AudioCapture.dll (API version 3944462).
LogModuleManager: Display: Found up-to-date module file ../../../Engine/Plugins/Runtime/AudioCapture/Binaries/Win64/UE4Editor-AudioCaptureEditor.dll (API version 3944462).
LogModuleManager: Display: Found up-to-date module file ../../../Engine/Plugins/Runtime/CableComponent/Binaries/Win64/UE4Editor-CableComponent.dll (API version 3944462).
LogModuleManager: Display: Found up-to-date module file ../../../Engine/Plugins/Runtime/CustomMeshComponent/Binaries/Win64/UE4Editor-CustomMeshComponent.dll (API version 3944462).
LogModuleManager: Display: Found up-to-date module file ../../../Engine/Plugins/Runtime/ExampleDeviceProfileSelector/Binaries/Win64/UE4Editor-ExampleDeviceProfileSelector.dll (API version 3944462).
LogModuleManager: Display: Found up-to-date module file ../../../Engine/Plugins/Runtime/ImmediatePhysics/Binaries/Win64/UE4Editor-ImmediatePhysics.dll (API version 3944462).
LogModuleManager: Display: Found up-to-date module file ../../../Engine/Plugins/Runtime/ImmediatePhysics/Binaries/Win64/UE4Editor-ImmediatePhysicsEditor.dll (API version 3944462).
LogModuleManager: Display: Found up-to-date module file ../../../Engine/Plugins/Runtime/LocationServicesBPLibrary/Binaries/Win64/UE4Editor-LocationServicesBPLibrary.dll (API version 3944462).
LogModuleManager: Display: Found up-to-date module file ../../../Engine/Plugins/Runtime/MobilePatchingUtils/Binaries/Win64/UE4Editor-MobilePatchingUtils.dll (API version 3944462).
LogModuleManager: Display: Found up-to-date module file ../../../Engine/Plugins/Runtime/Oculus/OculusVR/Binaries/Win64/UE4Editor-OculusHMD.dll (API version 3944462).
LogModuleManager: Display: Found up-to-date module file ../../../Engine/Plugins/Runtime/Oculus/OculusVR/Binaries/Win64/UE4Editor-OculusInput.dll (API version 3944462).
LogModuleManager: Display: Found up-to-date module file ../../../Engine/Plugins/Runtime/Oculus/OculusVR/Binaries/Win64/UE4Editor-OculusEditor.dll (API version 3944462).
LogModuleManager: Display: Found up-to-date module file ../../../Engine/Plugins/Runtime/PhysXVehicles/Binaries/Win64/UE4Editor-PhysXVehicles.dll (API version 3944462).
LogModuleManager: Display: Found up-to-date module file ../../../Engine/Plugins/Runtime/PhysXVehicles/Binaries/Win64/UE4Editor-PhysXVehiclesEditor.dll (API version 3944462).
LogModuleManager: Display: Found up-to-date module file ../../../Engine/Plugins/Runtime/ProceduralMeshComponent/Binaries/Win64/UE4Editor-ProceduralMeshComponent.dll (API version 3944462).
LogModuleManager: Display: Found up-to-date module file ../../../Engine/Plugins/Runtime/ProceduralMeshComponent/Binaries/Win64/UE4Editor-ProceduralMeshComponentEditor.dll (API version 3944462).
LogModuleManager: Display: Found up-to-date module file ../../../Engine/Plugins/Runtime/RuntimePhysXCooking/Binaries/Win64/UE4Editor-RuntimePhysXCooking.dll (API version 3944462).
LogModuleManager: Display: Found up-to-date module file ../../../Engine/Plugins/Runtime/Steam/SteamVR/Binaries/Win64/UE4Editor-SteamVR.dll (API version 3944462).
LogModuleManager: Display: Found up-to-date module file ../../../Engine/Plugins/Runtime/Steam/SteamVR/Binaries/Win64/UE4Editor-SteamVRController.dll (API version 3944462).
LogModuleManager: Display: Found up-to-date module file ../../../Engine/Plugins/Runtime/WindowsMoviePlayer/Binaries/Win64/UE4Editor-WindowsMoviePlayer.dll (API version 3944462).
LogInit: Using libcurl 7.47.1
LogInit:  - built for x86_64-pc-win32
LogInit:  - supports SSL with OpenSSL/1.0.2g
LogInit:  - supports HTTP deflate (compression) using libz 1.2.8
LogInit:  - other features:
LogInit:      CURL_VERSION_SSL
LogInit:      CURL_VERSION_LIBZ
LogInit:      CURL_VERSION_IPV6
LogInit:      CURL_VERSION_ASYNCHDNS
LogInit:      CURL_VERSION_LARGEFILE
LogInit:      CURL_VERSION_IDN
LogInit:  CurlRequestOptions (configurable via config and command line):
LogInit:  - bVerifyPeer = false  - Libcurl will NOT verify peer certificate
LogInit:  - bUseHttpProxy = false  - Libcurl will NOT use HTTP proxy
LogInit:  - bDontReuseConnections = false  - Libcurl will reuse connections
LogInit:  - CertBundlePath = nullptr  - Libcurl will use whatever was configured at build time.
LogInit:  - MaxHostConnections = 16  - Libcurl will limit the number of connections to a host
LogInit:  - LocalHostAddr = Default
LogInit: WinSock: version 1.1 (2.2), MaxSocks=32767, MaxUdp=65467
LogInit: WinSock: I am DESKTOP-O8P77J6 (192.168.35.241:0)
LogInit: Build: ++UE4+Release-4.19-CL-4033788
LogInit: Engine Version: 4.19.2-4033788+++UE4+Release-4.19
LogInit: Compatible Engine Version: 4.19.0-3944462+++UE4+Release-4.19
LogInit: Net CL: 3944462
LogDevObjectVersion: Number of dev versions registered: 18
LogDevObjectVersion:   Dev-Blueprints (B0D832E4-1F89-4F0D-ACCF-7EB736FD4AA2): 10
LogDevObjectVersion:   Dev-Build (E1C64328-A22C-4D53-A36C-8E866417BD8C): 0
LogDevObjectVersion:   Dev-Core (375EC13C-06E4-48FB-B500-84F0262A717E): 2
LogDevObjectVersion:   Dev-Editor (E4B068ED-F494-42E9-A231-DA0B2E46BB41): 23
LogDevObjectVersion:   Dev-Framework (CFFC743F-43B0-4480-9391-14DF171D2073): 33
LogDevObjectVersion:   Dev-Mobile (B02B49B5-BB20-44E9-A304-32B752E40360): 2
LogDevObjectVersion:   Dev-Networking (A4E4105C-59A1-49B5-A7C5-40C4547EDFEE): 0
LogDevObjectVersion:   Dev-Online (39C831C9-5AE6-47DC-9A44-9C173E1C8E7C): 0
LogDevObjectVersion:   Dev-Physics (78F01B33-EBEA-4F98-B9B4-84EACCB95AA2): 0
LogDevObjectVersion:   Dev-Platform (6631380F-2D4D-43E0-8009-CF276956A95A): 0
LogDevObjectVersion:   Dev-Rendering (12F88B9F-8875-4AFC-A67C-D90C383ABD29): 25
LogDevObjectVersion:   Dev-Sequencer (7B5AE74C-D270-4C10-A958-57980B212A5A): 6
LogDevObjectVersion:   Dev-VR (D7296918-1DD6-4BDD-9DE2-64A83CC13884): 1
LogDevObjectVersion:   Dev-LoadTimes (C2A15278-BFE7-4AFE-6C17-90FF531DF755): 1
LogDevObjectVersion:   Private-Geometry (6EACA3D4-40EC-4CC1-B786-8BED09428FC5): 2
LogDevObjectVersion:   Dev-AnimPhys (29E575DD-E0A3-4627-9D10-D276232CDCEA): 16
LogDevObjectVersion:   Dev-ReflectionCapture (6B266CEC-1EC7-4B8F-A30B-E4D90942FC07): 1
LogDevObjectVersion:   Dev-Automation (0DF73D61-A23F-47EA-B727-89E90C41499A): 1
LogInit: Compiled (64-bit): Apr 27 2018 02:06:57
LogInit: Compiled with Visual C++: 19.00.24215.01
LogInit: Build Configuration: Development
LogInit: Branch Name: ++UE4+Release-4.19
LogInit: Command Line:  
LogInit: Base Directory: C:/Program Files/Epic Games/UE_4.19/Engine/Binaries/Win64/
LogInit: Installed Engine Build: 1
LogStreaming: Display: Took  0.000s to delete old logs.
LogInit: Presizing for max 8388607 objects, including 0 objects not considered by GC, pre-allocating 0 bytes for permanent pool.
LogInit: Object subsystem initialized
[2024.05.26-11.52.20:679][  0]LogInit: Selected Device Profile: [Windows]
[2024.05.26-11.52.20:679][  0]LogInit: Applying CVar settings loaded from the selected device profile: [Windows]
[2024.05.26-11.52.20:684][  0]LogInit: Computer: DESKTOP-O8P77J6
[2024.05.26-11.52.20:684][  0]LogInit: User: yummy
[2024.05.26-11.52.20:684][  0]LogInit: CPU Page size=4096, Cores=12
[2024.05.26-11.52.20:684][  0]LogInit: High frequency timer resolution =10.000000 MHz
[2024.05.26-11.52.20:684][  0]LogMemory: Memory total: Physical=15.8GB (16GB approx)
[2024.05.26-11.52.20:684][  0]LogMemory: Platform Memory Stats for Windows
[2024.05.26-11.52.20:684][  0]LogMemory: Process Physical Memory: 277.60 MB used, 277.60 MB peak
[2024.05.26-11.52.20:684][  0]LogMemory: Process Virtual Memory: 273.65 MB used, 273.65 MB peak
[2024.05.26-11.52.20:684][  0]LogMemory: Physical Memory: 7449.81 MB used,  8722.04 MB free, 16171.84 MB total
[2024.05.26-11.52.20:684][  0]LogMemory: Virtual Memory: 4835.66 MB used,  8722.04 MB free, 134217728.00 MB total
[2024.05.26-11.52.20:692][  0]LogInit: Using OS detected language (ko-KR).
[2024.05.26-11.52.20:692][  0]LogInit: Using OS detected locale (ko-KR).
[2024.05.26-11.52.20:694][  0]LogTextLocalizationManager: No specific localization for 'ko-KR' exists, so the 'ko' localization will be used.
[2024.05.26-11.52.20:922][  0]LogStreaming: Display: Took  0.229s to EndInitTextLocalization.
[2024.05.26-11.52.20:922][  0]LogInit: Setting process to per monitor DPI aware
[2024.05.26-11.52.20:940][  0]LogSlate: New Slate User Created.  User Index 0, Is Virtual User: 0
[2024.05.26-11.52.20:940][  0]LogSlate: Slate User Registered.  User Index 0, Is Virtual User: 0
[2024.05.26-11.52.21:011][  0]LogD3D11RHI: D3D11 adapters:
[2024.05.26-11.52.21:106][  0]LogD3D11RHI:    0. 'NVIDIA GeForce RTX 4060' (Feature Level 11_0)
[2024.05.26-11.52.21:106][  0]LogD3D11RHI:       7971/0/8085 MB DedicatedVideo/DedicatedSystem/SharedSystem, Outputs:1, VendorId:0x10de
[2024.05.26-11.52.21:142][  0]LogD3D11RHI:    1. 'Intel(R) UHD Graphics 770' (Feature Level 11_0)
[2024.05.26-11.52.21:142][  0]LogD3D11RHI:       128/0/8085 MB DedicatedVideo/DedicatedSystem/SharedSystem, Outputs:0, VendorId:0x8086
[2024.05.26-11.52.21:143][  0]LogD3D11RHI:    2. 'Microsoft Basic Render Driver' (Feature Level 11_0)
[2024.05.26-11.52.21:143][  0]LogD3D11RHI:       0/0/8085 MB DedicatedVideo/DedicatedSystem/SharedSystem, Outputs:0, VendorId:0x1414
[2024.05.26-11.52.21:143][  0]LogD3D11RHI: Chosen D3D11 Adapter: 0
[2024.05.26-11.52.21:146][  0]LogD3D11RHI: Creating new Direct3DDevice
[2024.05.26-11.52.21:146][  0]LogD3D11RHI:     GPU DeviceId: 0x2882 (for the marketing name, search the web for "GPU Device Id")
[2024.05.26-11.52.21:146][  0]LogWindows: EnumDisplayDevices:
[2024.05.26-11.52.21:146][  0]LogWindows:    0. 'NVIDIA GeForce RTX 4060' (P:1 D:1)
[2024.05.26-11.52.21:146][  0]LogWindows:    1. 'NVIDIA GeForce RTX 4060' (P:0 D:0)
[2024.05.26-11.52.21:146][  0]LogWindows:    2. 'NVIDIA GeForce RTX 4060' (P:0 D:0)
[2024.05.26-11.52.21:147][  0]LogWindows:    3. 'NVIDIA GeForce RTX 4060' (P:0 D:0)
[2024.05.26-11.52.21:147][  0]LogWindows:    4. 'Intel(R) UHD Graphics 770' (P:0 D:0)
[2024.05.26-11.52.21:147][  0]LogWindows:    5. 'Intel(R) UHD Graphics 770' (P:0 D:0)
[2024.05.26-11.52.21:147][  0]LogWindows:    6. 'Intel(R) UHD Graphics 770' (P:0 D:0)
[2024.05.26-11.52.21:147][  0]LogWindows:    7. 'Intel(R) UHD Graphics 770' (P:0 D:0)
[2024.05.26-11.52.21:147][  0]LogWindows: DebugString: GetVideoDriverDetailsInvalid PrimaryIsNotTheChoosenAdapter GetVideoDriverDetailsInvalid PrimaryIsNotTheChoosenAdapter GetVideoDriverDetailsInvalid PrimaryIsNotTheChoosenAdapter GetVideoDriverDetailsInvalid PrimaryIsNotTheChoosenAdapter GetVideoDriverDetailsInvalid PrimaryIsNotTheChoosenAdapter GetVideoDriverDetailsInvalid PrimaryIsNotTheChoosenAdapter GetVideoDriverDetailsInvalid PrimaryIsNotTheChoosenAdapter GetVideoDriverDetailsInvalid PrimaryIsNotTheChoosenAdapter FoundDriverCount:0 
[2024.05.26-11.52.21:147][  0]LogD3D11RHI:     Adapter Name: NVIDIA GeForce RTX 4060
[2024.05.26-11.52.21:147][  0]LogD3D11RHI:   Driver Version: Unknown (internal:Unknown, unified:Unknown)
[2024.05.26-11.52.21:147][  0]LogD3D11RHI:      Driver Date: Unknown
[2024.05.26-11.52.21:147][  0]LogRHI: Texture pool is 5579 MB (70% of 7971 MB)
[2024.05.26-11.52.21:198][  0]LogD3D11RHI: [Aftermath] Aftermath enabled and primed
[2024.05.26-11.52.21:198][  0]LogD3D11RHI: [Aftermath] Aftermath enabled and primed
[2024.05.26-11.52.21:198][  0]LogD3D11RHI: Async texture creation enabled
[2024.05.26-11.52.21:212][  0]LogD3D11RHI: GPU Timing Frequency: 1000.000000 (Debug: 2 2)
[2024.05.26-11.52.21:212][  0]LogShaderCompilers: Guid format shader working directory is -27 characters bigger than the processId version (../../../../../../Users/yummy/Documents/Unreal Projects/UE4CPP/ArenaBattle/Intermediate/Shaders/WorkingDirectory/456/).
[2024.05.26-11.52.21:212][  0]LogShaderCompilers: Cleaned the shader compiler working directory 'C:/Users/yummy/AppData/Local/Temp/UnrealShaderWorkingDir/1983D01E427363516196D19825EA3E70/'.
[2024.05.26-11.52.21:326][  0]LogTemp: Display: Loaded TP AllDesktopTargetPlatform
[2024.05.26-11.52.21:333][  0]LogTemp: Display: Loaded TP MacClientTargetPlatform
[2024.05.26-11.52.21:340][  0]LogTemp: Display: Loaded TP MacNoEditorTargetPlatform
[2024.05.26-11.52.21:348][  0]LogTemp: Display: Loaded TP MacServerTargetPlatform
[2024.05.26-11.52.21:355][  0]LogTemp: Display: Loaded TP MacTargetPlatform
[2024.05.26-11.52.21:362][  0]LogTemp: Display: Loaded TP WindowsClientTargetPlatform
[2024.05.26-11.52.21:369][  0]LogTemp: Display: Loaded TP WindowsNoEditorTargetPlatform
[2024.05.26-11.52.21:377][  0]LogTemp: Display: Loaded TP WindowsServerTargetPlatform
[2024.05.26-11.52.21:380][  0]LogTemp: Display: Loaded TP WindowsTargetPlatform
[2024.05.26-11.52.21:385][  0]LogTemp: Display: Loaded TP Android_ASTCTargetPlatform
[2024.05.26-11.52.21:392][  0]LogTemp: Display: Loaded TP Android_ATCTargetPlatform
[2024.05.26-11.52.21:398][  0]LogTemp: Display: Loaded TP Android_DXTTargetPlatform
[2024.05.26-11.52.21:404][  0]LogTemp: Display: Loaded TP Android_ETC1aTargetPlatform
[2024.05.26-11.52.21:410][  0]LogTemp: Display: Loaded TP Android_ETC1TargetPlatform
[2024.05.26-11.52.21:417][  0]LogTemp: Display: Loaded TP Android_ETC2TargetPlatform
[2024.05.26-11.52.21:429][  0]LogTemp: Display: Loaded TP Android_MultiTargetPlatform
[2024.05.26-11.52.21:429][  0]LogTemp: Display: Loaded TP Android_PVRTCTargetPlatform
[2024.05.26-11.52.21:436][  0]LogTemp: Display: Loaded TP AndroidTargetPlatform
[2024.05.26-11.52.21:436][  0]LogTemp: Display: Loaded TP HTML5TargetPlatform
[2024.05.26-11.52.21:466][  0]LogTemp: Display: Loaded TP IOSTargetPlatform
[2024.05.26-11.52.21:472][  0]LogTemp: Display: Loaded TP TVOSTargetPlatform
[2024.05.26-11.52.21:480][  0]LogTemp: Display: Loaded TP LinuxClientTargetPlatform
[2024.05.26-11.52.21:486][  0]LogTemp: Display: Loaded TP LinuxNoEditorTargetPlatform
[2024.05.26-11.52.21:492][  0]LogTemp: Display: Loaded TP LinuxServerTargetPlatform
[2024.05.26-11.52.21:499][  0]LogTemp: Display: Loaded TP LinuxTargetPlatform
[2024.05.26-11.52.21:499][  0]LogTargetPlatformManager: Display: Building Assets For Windows
[2024.05.26-11.52.21:548][  0]LogXGEController: Cleaning working directory: C:/Users/yummy/AppData/Local/Temp/UnrealXGEWorkingDir/
[2024.05.26-11.52.21:548][  0]LogXGEController: Cannot use XGE Controller as Incredibuild is not installed on this machine.
[2024.05.26-11.52.21:548][  0]LogShaderCompilers: Cannot use XGE Shader Compiler as Incredibuild is not installed on this machine.
[2024.05.26-11.52.21:548][  0]LogShaderCompilers: Display: Using Local Shader Compiler.
[2024.05.26-11.52.21:922][  0]LogDerivedDataCache: Display: Max Cache Size: 512 MB
[2024.05.26-11.52.21:981][  0]LogDerivedDataCache: Loaded boot cache 0.06s 75MB C:/Users/yummy/AppData/Local/UnrealEngine/4.19/DerivedDataCache/Boot.ddc.
[2024.05.26-11.52.21:982][  0]LogDerivedDataCache: Display: Loaded Boot cache: C:/Users/yummy/AppData/Local/UnrealEngine/4.19/DerivedDataCache/Boot.ddc
[2024.05.26-11.52.21:982][  0]LogDerivedDataCache: FDerivedDataBackendGraph:  Pak pak cache file ../../../../../../Users/yummy/Documents/Unreal Projects/UE4CPP/ArenaBattle/DerivedDataCache/DDC.ddp not found, will not use a pak cache.
[2024.05.26-11.52.21:982][  0]LogDerivedDataCache: Unable to find inner node Pak for hierarchical cache Hierarchy.
[2024.05.26-11.52.21:982][  0]LogDerivedDataCache: FDerivedDataBackendGraph:  CompressedPak pak cache file ../../../../../../Users/yummy/Documents/Unreal Projects/UE4CPP/ArenaBattle/DerivedDataCache/Compressed.ddp not found, will not use a pak cache.
[2024.05.26-11.52.21:982][  0]LogDerivedDataCache: Unable to find inner node CompressedPak for hierarchical cache Hierarchy.
[2024.05.26-11.52.21:991][  0]LogDerivedDataCache: Display: Pak cache opened for reading ../../../Engine/DerivedDataCache/Compressed.ddp.
[2024.05.26-11.52.22:002][  0]LogDerivedDataCache: Using Local data cache path C:/Users/yummy/AppData/Local/UnrealEngine/Common/DerivedDataCache: Writable
[2024.05.26-11.52.22:002][  0]LogDerivedDataCache: Shared data cache path not found in *engine.ini, will not use an Shared cache.
[2024.05.26-11.52.22:002][  0]LogDerivedDataCache: Unable to find inner node Shared for hierarchical cache Hierarchy.
[2024.05.26-11.52.22:010][  0]LogMaterial: Verifying Global Shaders for PCD3D_SM5
[2024.05.26-11.52.22:010][  0]LogSlate: Using Freetype 2.6.0
[2024.05.26-11.52.22:010][  0]LogSlate: SlateFontCache - WITH_FREETYPE: 1, WITH_HARFBUZZ: 1
[2024.05.26-11.52.22:010][  0]LogSlate: SlateFontCache - WITH_FREETYPE: 1, WITH_HARFBUZZ: 1
[2024.05.26-11.52.22:081][  0]LogAssetRegistry: FAssetRegistry took 0.0233 seconds to start up
[2024.05.26-11.52.22:233][  0]LogInit: Selected Device Profile: [Windows]
[2024.05.26-11.52.22:304][  0]LogSimplygon: Simplygon DLL not present - disabling.
[2024.05.26-11.52.22:306][  0]LogMeshReduction: Using SimplygonSwarm for distributed automatic mesh merging
[2024.05.26-11.52.22:306][  0]LogMeshReduction: Using QuadricMeshReduction for automatic static mesh reduction
[2024.05.26-11.52.22:306][  0]LogMeshReduction: No automatic skeletal mesh reduction module available
[2024.05.26-11.52.22:306][  0]LogMeshReduction: No automatic mesh merging module available
[2024.05.26-11.52.22:306][  0]LogMeshMerging: No automatic mesh merging module available
[2024.05.26-11.52.22:321][  0]LogNetVersion: ArenaBattle , NetCL: 3944462, EngineNetVer: 2, GameNetVer: 0 (Checksum: 3555152549)
[2024.05.26-11.52.22:538][  0]LogPackageLocalizationCache: Processed 9 localized package path(s) for 2 prioritized culture(s) in 0.027900 seconds
[2024.05.26-11.52.22:541][  0]LogUObjectArray: 36728 objects as part of root set at end of initial load.
[2024.05.26-11.52.22:541][  0]LogUObjectAllocator: 7314304 out of 0 bytes used by permanent object pool.
[2024.05.26-11.52.22:541][  0]LogUObjectArray: CloseDisregardForGC: 0/0 objects in disregard for GC pool
[2024.05.26-11.52.23:400][  0]LogTcpMessaging: Initializing TcpMessaging bridge
[2024.05.26-11.52.23:420][  0]LogUdpMessaging: Initializing bridge on interface 0.0.0.0:0 to multicast group 230.0.0.1:6666.
[2024.05.26-11.52.23:610][  0]SourceControl: 소스 콘트롤이 꺼졌습니다.
[2024.05.26-11.52.23:610][  0]SourceControl: 소스 콘트롤이 꺼졌습니다.
[2024.05.26-11.52.23:617][  0]SourceControl: 소스 콘트롤이 꺼졌습니다.
[2024.05.26-11.52.23:624][  0]SourceControl: 소스 콘트롤이 꺼졌습니다.
[2024.05.26-11.52.23:879][  0]LogAndroidPermission: UAndroidPermissionCallbackProxy::GetInstance
[2024.05.26-11.52.23:950][  0]LogOcInput: OculusInput pre-init called
[2024.05.26-11.52.24:007][  0]LogEngine: Initializing Engine...
[2024.05.26-11.52.24:007][  0]LogHMD: Failed to initialize OpenVR with code 110
[2024.05.26-11.52.24:008][  0]LogStats: UGameplayTagsManager::ConstructGameplayTagTree: Construct from data asset -  0.000 s
[2024.05.26-11.52.24:008][  0]LogStats: UGameplayTagsManager::ConstructGameplayTagTree: GameplayTagTreeChangedEvent.Broadcast -  0.000 s
[2024.05.26-11.52.24:133][  0]LogAIModule: Creating AISystem for world Untitled
[2024.05.26-11.52.24:157][  0]LogInit: XAudio2 using '스피커(Realtek(R) Audio)' : 2 channels at 48 kHz using 32 bits per sample (channel mask 0x3)
[2024.05.26-11.52.24:167][  0]LogInit: FAudioDevice initialized.
[2024.05.26-11.52.24:216][  0]LogDerivedDataCache: Saved boot cache 0.05s 74MB C:/Users/yummy/AppData/Local/UnrealEngine/4.19/DerivedDataCache/Boot.ddc.
[2024.05.26-11.52.24:230][  0]LogInit: Texture streaming: Enabled
[2024.05.26-11.52.24:240][  0]LogEngineSessionManager: EngineSessionManager initialized
[2024.05.26-11.52.24:247][  0]LogInit: Transaction tracking system initialized
[2024.05.26-11.52.24:257][  0]BlueprintLog: New page: 에디터 로드
[2024.05.26-11.52.24:295][  0]LocalizationService: 현지화 서비스가 비활성화되었습니다.
[2024.05.26-11.52.24:348][  0]LogConsoleResponse: Display: 
[2024.05.26-11.52.24:418][  0]LogCook: Display: Max memory allowance for cook 16384mb min free memory 0mb
[2024.05.26-11.52.24:418][  0]LogCook: Display: Mobile HDR setting 1
[2024.05.26-11.52.24:418][  0]LogGameplayTags: Display: UGameplayTagsManager::DoneAddingNativeTags. DelegateIsBound: 0
[2024.05.26-11.52.24:418][  0]LogStats: UGameplayTagsManager::ConstructGameplayTagTree: Construct from data asset -  0.000 s
[2024.05.26-11.52.24:418][  0]LogStats: UGameplayTagsManager::ConstructGameplayTagTree: GameplayTagTreeChangedEvent.Broadcast -  0.000 s
[2024.05.26-11.52.24:583][  0]LogFileCache: Scanning file cache for directory 'C:/Users/yummy/Documents/Unreal Projects/UE4CPP/ArenaBattle/Content/' took 0.02s
[2024.05.26-11.52.24:583][  0]SourceControl: 소스 콘트롤이 꺼졌습니다.
[2024.05.26-11.52.24:583][  0]Cmd: MAP LOAD FILE="../../../../../../Users/yummy/Documents/Unreal Projects/UE4CPP/ArenaBattle/Content/Book/Maps/Step1.umap" TEMPLATE=0 SHOWPROGRESS=1 FEATURELEVEL=3
[2024.05.26-11.52.24:584][  0]LightingResults: New page: 라이팅 빌드
[2024.05.26-11.52.24:585][  0]MapCheck: New page: 맵 체크
[2024.05.26-11.52.24:585][  0]LightingResults: New page: 라이팅 빌드
[2024.05.26-11.52.24:707][  0]LogAIModule: Creating AISystem for world Step1
[2024.05.26-11.52.24:710][  0]LogEditorServer: Finished looking for orphan Actors (0.000 secs)
[2024.05.26-11.52.24:717][  0]Cmd: MAP CHECKDEP NOCLEARLOG
[2024.05.26-11.52.24:737][  0]MapCheck: 맵 체크 완료: 오류 0 회, 경고 0 회, 소요 시간 20.562ms.
[2024.05.26-11.52.24:737][  0]LogFileHelpers: Loading map 'Step1' took 0.154
[2024.05.26-11.52.24:799][  0]LogWindowsTextInputMethodSystem: Display: IME system now activated using TSF (Microsoft 입력기).
[2024.05.26-11.52.24:838][  0]LogCollectionManager: Loaded 0 collections in 0.000955 seconds
[2024.05.26-11.52.24:876][  0]LogFileCache: Scanning file cache for directory 'C:/Users/yummy/Documents/Unreal Projects/UE4CPP/ArenaBattle/Saved/Collections/' took 0.01s
[2024.05.26-11.52.24:876][  0]LogFileCache: Scanning file cache for directory 'C:/Users/yummy/Documents/Unreal Projects/UE4CPP/ArenaBattle/Content/Developers/yummy/Collections/' took 0.01s
[2024.05.26-11.52.24:876][  0]LogFileCache: Scanning file cache for directory 'C:/Users/yummy/Documents/Unreal Projects/UE4CPP/ArenaBattle/Content/Collections/' took 0.01s
[2024.05.26-11.52.24:876][  0]LogCollectionManager: Rebuilt the GUID cache for 0 collections in 0.000000 seconds
[2024.05.26-11.52.24:882][  0]LogContentBrowser: Native class hierarchy populated in 0.0056 seconds. Added 2453 classes and 560 folders.
[2024.05.26-11.52.24:885][  0]LogContentBrowser: Native class hierarchy updated for 'WidgetCarousel' in 0.0003 seconds. Added 0 classes and 0 folders.
[2024.05.26-11.52.24:905][  0]LogContentBrowser: Native class hierarchy updated for 'AddContentDialog' in 0.0003 seconds. Added 0 classes and 0 folders.
[2024.05.26-11.52.24:909][  0]LogContentBrowser: Native class hierarchy updated for 'SceneOutliner' in 0.0003 seconds. Added 1 classes and 2 folders.
[2024.05.26-11.52.24:976][  0]LogContentBrowser: Native class hierarchy updated for 'HierarchicalLODOutliner' in 0.0003 seconds. Added 0 classes and 0 folders.
[2024.05.26-11.52.24:977][  0]LogLoad: (Engine Initialization) Total time: 6.91 seconds
[2024.05.26-11.52.24:977][  0]LogLoad: (Engine Initialization) Total Blueprint compile time: 0.00 seconds
[2024.05.26-11.52.25:001][  0]LogAssetRegistry: Asset discovery search completed in 2.9421 seconds
[2024.05.26-11.52.25:002][  0]LogCollectionManager: Rebuilt the object cache for 0 collections in 0.000000 seconds (found 0 objects)
[2024.05.26-11.52.25:002][  0]LogCollectionManager: Fixed up redirectors for 0 collections in 0.000040 seconds (updated 0 objects)
[2024.05.26-11.52.25:005][  0]LogContentStreaming: Texture pool size now 1000 MB
[2024.05.26-11.52.25:010][  0]LogSlate: Took 0.000132 seconds to synchronously load lazily loaded font '../../../Engine/Content/Slate/Fonts/Roboto-Regular.ttf' (155K)
[2024.05.26-11.52.25:012][  0]LogSlate: Took 0.001978 seconds to synchronously load lazily loaded font '../../../Engine/Content/Editor/Slate/Fonts/NanumGothic.ttf' (4243K)
[2024.05.26-11.52.25:014][  0]LogSlate: Took 0.001804 seconds to synchronously load lazily loaded font '../../../Engine/Content/Editor/Slate/Fonts/NanumGothicBold.ttf' (4188K)
[2024.05.26-11.52.25:014][  0]LogSlate: Took 0.000106 seconds to synchronously load lazily loaded font '../../../Engine/Content/Slate/Fonts/Roboto-Bold.ttf' (160K)
[2024.05.26-11.52.25:016][  0]LogSlate: Took 0.000092 seconds to synchronously load lazily loaded font '../../../Engine/Content/Editor/Slate/Fonts/FontAwesome.ttf' (139K)
[2024.05.26-11.52.25:081][  0]LogSlate: Took 0.000112 seconds to synchronously load lazily loaded font '../../../Engine/Content/Slate/Fonts/Roboto-Light.ttf' (167K)
[2024.05.26-11.52.25:110][  2]LogRenderer: Reallocating scene render targets to support 800x360 Format 10 NumSamples 1 (Frame:1).
[2024.05.26-11.52.26:616][135]LogRenderer: Reallocating scene render targets to support 800x556 Format 10 NumSamples 1 (Frame:137).
[2024.05.26-11.52.36:798][692]LogEditorViewport: Clicking on Actor (LMB): BP_Sky_Sphere_C (Sky Sphere)
[2024.05.26-11.52.45:410][712]LogSlate: FSceneViewport::OnFocusLost() reason 0
[2024.05.26-11.52.45:540][721]LogSlate: Window 'ArenaBattle - 언리얼 에디터' being destroyed
[2024.05.26-11.52.45:686][722]Cmd: QUIT_EDITOR
[2024.05.26-11.52.45:697][722]LogWindowsTextInputMethodSystem: Display: IME system now activated using TSF (Microsoft 입력기).
[2024.05.26-11.52.45:703][722]LogSlate: Slate User Destroyed.  User Index 0, Is Virtual User: 0
[2024.05.26-11.52.45:703][722]LogExit: Preparing to exit.
[2024.05.26-11.52.46:483][722]LogDirectoryWatcher: A directory notification for 'C:/Users/yummy/Documents/Unreal Projects/UE4CPP/ArenaBattle/Content/' was aborted.
[2024.05.26-11.52.46:516][722]LogExit: Editor shut down
[2024.05.26-11.52.46:521][722]LogExit: Transaction tracking system shut down
[2024.05.26-11.52.46:657][722]LogDirectoryWatcher: A directory notification for '../../../Engine/Content/' was aborted.
[2024.05.26-11.52.46:657][722]LogDirectoryWatcher: A directory notification for '../../../../../../Users/yummy/Documents/Unreal Projects/UE4CPP/ArenaBattle/Content/' was aborted.
[2024.05.26-11.52.46:657][722]LogDirectoryWatcher: A directory notification for '../../Plugins/2D/Paper2D/Content/' was aborted.
[2024.05.26-11.52.46:657][722]LogDirectoryWatcher: A directory notification for '../../Plugins/Enterprise/DatasmithContent/Content/' was aborted.
[2024.05.26-11.52.46:657][722]LogDirectoryWatcher: A directory notification for '../../Plugins/Media/MediaCompositing/Content/' was aborted.
[2024.05.26-11.52.46:657][722]LogDirectoryWatcher: A directory notification for '../../Plugins/Runtime/AppleARKit/Content/' was aborted.
[2024.05.26-11.52.46:657][722]LogDirectoryWatcher: A directory notification for '../../Plugins/Runtime/Oculus/OculusVR/Content/' was aborted.
[2024.05.26-11.52.46:657][722]LogDirectoryWatcher: A directory notification for '../../Plugins/Runtime/Steam/SteamVR/Content/' was aborted.
[2024.05.26-11.52.46:694][722]LogExit: Object subsystem successfully closed.
[2024.05.26-11.52.46:748][722]LogShaderCompilers: Display: Shaders left to compile 0
[2024.05.26-11.52.46:749][722]LogD3D11RHI: Shutdown
[2024.05.26-11.52.46:749][722]LogD3D11RHI: CleanupD3DDevice
[2024.05.26-11.52.46:756][722]LogD3D11RHI: ~FD3D11DynamicRHI
[2024.05.26-11.52.46:777][722]LogModuleManager: Shutting down and abandoning module HierarchicalLODOutliner (576)
[2024.05.26-11.52.46:777][722]LogModuleManager: Shutting down and abandoning module DesktopPlatform (574)
[2024.05.26-11.52.46:777][722]LogModuleManager: Shutting down and abandoning module SceneOutliner (572)
[2024.05.26-11.52.46:777][722]LogModuleManager: Shutting down and abandoning module AddContentDialog (570)
[2024.05.26-11.52.46:777][722]LogDirectoryWatcher: A directory notification for 'C:/Program Files/Epic Games/UE_4.19/FeaturePacks/' was aborted.
[2024.05.26-11.52.46:778][722]LogModuleManager: Shutting down and abandoning module WidgetCarousel (569)
[2024.05.26-11.52.46:778][722]LogModuleManager: Shutting down and abandoning module EditorWidgets (566)
[2024.05.26-11.52.46:778][722]LogModuleManager: Shutting down and abandoning module CollectionManager (564)
[2024.05.26-11.52.46:778][722]LogDirectoryWatcher: A directory notification for 'C:/Users/yummy/Documents/Unreal Projects/UE4CPP/ArenaBattle/Content/Collections/' was aborted.
[2024.05.26-11.52.46:778][722]LogDirectoryWatcher: A directory notification for 'C:/Users/yummy/Documents/Unreal Projects/UE4CPP/ArenaBattle/Content/Developers/yummy/Collections/' was aborted.
[2024.05.26-11.52.46:778][722]LogDirectoryWatcher: A directory notification for 'C:/Users/yummy/Documents/Unreal Projects/UE4CPP/ArenaBattle/Saved/Collections/' was aborted.
[2024.05.26-11.52.46:778][722]LogModuleManager: Shutting down and abandoning module StatsViewer (562)
[2024.05.26-11.52.46:778][722]LogModuleManager: Shutting down and abandoning module FoliageEdit (560)
[2024.05.26-11.52.46:778][722]LogModuleManager: Shutting down and abandoning module LandscapeEditor (558)
[2024.05.26-11.52.46:778][722]LogModuleManager: Shutting down and abandoning module MeshPaintMode (556)
[2024.05.26-11.52.46:778][722]LogModuleManager: Shutting down and abandoning module SceneDepthPickerMode (554)
[2024.05.26-11.52.46:778][722]LogModuleManager: Shutting down and abandoning module ActorPickerMode (552)
[2024.05.26-11.52.46:778][722]LogModuleManager: Shutting down and abandoning module GeometryMode (550)
[2024.05.26-11.52.46:778][722]LogModuleManager: Shutting down and abandoning module TextureAlignMode (548)
[2024.05.26-11.52.46:778][722]LogModuleManager: Shutting down and abandoning module BspMode (546)
[2024.05.26-11.52.46:778][722]LogModuleManager: Shutting down and abandoning module PIEPreviewDeviceProfileSelector (544)
[2024.05.26-11.52.46:778][722]LogModuleManager: Shutting down and abandoning module HardwareSurvey (542)
[2024.05.26-11.52.46:778][722]LogModuleManager: Shutting down and abandoning module SequenceRecorderSections (540)
[2024.05.26-11.52.46:778][722]LogModuleManager: Shutting down and abandoning module AutomationWorker (538)
[2024.05.26-11.52.46:778][722]LogModuleManager: Shutting down and abandoning module AudioCaptureEditor (536)
[2024.05.26-11.52.46:778][722]LogModuleManager: Shutting down and abandoning module SequenceRecorder (535)
[2024.05.26-11.52.46:778][722]LogModuleManager: Shutting down and abandoning module MatineeToLevelSequence (532)
[2024.05.26-11.52.46:778][722]LogModuleManager: Shutting down and abandoning module LevelSequenceEditor (530)
[2024.05.26-11.52.46:778][722]LogModuleManager: Shutting down and abandoning module PlacementMode (529)
[2024.05.26-11.52.46:778][722]LogModuleManager: Shutting down and abandoning module MaterialEditor (528)
[2024.05.26-11.52.46:778][722]LogModuleManager: Shutting down and abandoning module WmfMediaFactory (524)
[2024.05.26-11.52.46:778][722]LogModuleManager: Shutting down and abandoning module WmfMediaEditor (522)
[2024.05.26-11.52.46:778][722]LogModuleManager: Shutting down and abandoning module MediaPlayerEditor (520)
[2024.05.26-11.52.46:778][722]LogModuleManager: Shutting down and abandoning module OpenExrWrapper (518)
[2024.05.26-11.52.46:778][722]LogModuleManager: Shutting down and abandoning module ImgMediaFactory (516)
[2024.05.26-11.52.46:778][722]LogModuleManager: Shutting down and abandoning module ImgMediaEditor (514)
[2024.05.26-11.52.46:778][722]LogModuleManager: Shutting down and abandoning module AvfMediaFactory (512)
[2024.05.26-11.52.46:778][722]LogModuleManager: Shutting down and abandoning module AvfMediaEditor (510)
[2024.05.26-11.52.46:778][722]LogModuleManager: Shutting down and abandoning module AndroidMediaFactory (508)
[2024.05.26-11.52.46:778][722]LogModuleManager: Shutting down and abandoning module AndroidMediaEditor (506)
[2024.05.26-11.52.46:778][722]LogModuleManager: Shutting down and abandoning module CharacterAI (504)
[2024.05.26-11.52.46:778][722]LogModuleManager: Shutting down and abandoning module SmartSnapping (502)
[2024.05.26-11.52.46:778][722]LogModuleManager: Shutting down and abandoning module SessionServices (500)
[2024.05.26-11.52.46:778][722]LogModuleManager: Shutting down and abandoning module ViewportSnapping (498)
[2024.05.26-11.52.46:778][722]LogModuleManager: Shutting down and abandoning module ViewportInteraction (496)
[2024.05.26-11.52.46:778][722]LogModuleManager: Shutting down and abandoning module ClothPainter (494)
[2024.05.26-11.52.46:778][722]LogModuleManager: Shutting down and abandoning module SkeletalMeshEditor (493)
[2024.05.26-11.52.46:778][722]LogModuleManager: Shutting down and abandoning module LogVisualizer (490)
[2024.05.26-11.52.46:779][722]LogModuleManager: Shutting down and abandoning module IntroTutorials (488)
[2024.05.26-11.52.46:779][722]LogModuleManager: Shutting down and abandoning module GameProjectGeneration (487)
[2024.05.26-11.52.46:779][722]LogModuleManager: Shutting down and abandoning module IOSPlatformEditor (484)
[2024.05.26-11.52.46:779][722]LogModuleManager: Shutting down and abandoning module HTML5PlatformEditor (482)
[2024.05.26-11.52.46:779][722]LogModuleManager: Shutting down and abandoning module AndroidPlatformEditor (480)
[2024.05.26-11.52.46:779][722]LogModuleManager: Shutting down and abandoning module AndroidDeviceDetection (479)
[2024.05.26-11.52.47:330][722]LogModuleManager: Shutting down and abandoning module WindowsPlatformEditor (476)
[2024.05.26-11.52.47:330][722]LogModuleManager: Shutting down and abandoning module IOSRuntimeSettings (474)
[2024.05.26-11.52.47:330][722]LogModuleManager: Shutting down and abandoning module AndroidRuntimeSettings (472)
[2024.05.26-11.52.47:330][722]LogModuleManager: Shutting down and abandoning module InputBindingEditor (470)
[2024.05.26-11.52.47:330][722]LogModuleManager: Shutting down and abandoning module MergeActors (468)
[2024.05.26-11.52.47:330][722]LogModuleManager: Shutting down and abandoning module LocalizationDashboard (466)
[2024.05.26-11.52.47:330][722]LogModuleManager: Shutting down and abandoning module LocalizationService (465)
[2024.05.26-11.52.47:330][722]LogModuleManager: Shutting down and abandoning module HardwareTargeting (462)
[2024.05.26-11.52.47:330][722]LogModuleManager: Shutting down and abandoning module DeviceProfileEditor (460)
[2024.05.26-11.52.47:330][722]LogModuleManager: Shutting down and abandoning module UndoHistory (458)
[2024.05.26-11.52.47:330][722]LogModuleManager: Shutting down and abandoning module XmlParser (456)
[2024.05.26-11.52.47:330][722]LogModuleManager: Shutting down and abandoning module Blutility (454)
[2024.05.26-11.52.47:330][722]LogModuleManager: Shutting down and abandoning module ProjectSettingsViewer (452)
[2024.05.26-11.52.47:331][722]LogModuleManager: Shutting down and abandoning module ProjectTargetPlatformEditor (451)
[2024.05.26-11.52.47:331][722]LogModuleManager: Shutting down and abandoning module EditorSettingsViewer (448)
[2024.05.26-11.52.47:331][722]LogModuleManager: Shutting down and abandoning module SettingsEditor (446)
[2024.05.26-11.52.47:331][722]LogModuleManager: Shutting down and abandoning module ProjectLauncher (444)
[2024.05.26-11.52.47:331][722]LogModuleManager: Shutting down and abandoning module SessionFrontend (442)
[2024.05.26-11.52.47:331][722]LogModuleManager: Shutting down and abandoning module ProfilerClient (440)
[2024.05.26-11.52.47:331][722]LogModuleManager: Shutting down and abandoning module DeviceManager (438)
[2024.05.26-11.52.47:331][722]LogModuleManager: Shutting down and abandoning module TargetDeviceServices (437)
[2024.05.26-11.52.47:375][722]LogModuleManager: Shutting down and abandoning module AutomationController (434)
[2024.05.26-11.52.47:375][722]LogModuleManager: Shutting down and abandoning module AutomationWindow (432)
[2024.05.26-11.52.47:375][722]LogModuleManager: Shutting down and abandoning module Layers (430)
[2024.05.26-11.52.47:375][722]LogModuleManager: Shutting down and abandoning module ComponentVisualizers (428)
[2024.05.26-11.52.47:375][722]LogModuleManager: Shutting down and abandoning module DetailCustomizations (426)
[2024.05.26-11.52.47:375][722]LogModuleManager: Shutting down and abandoning module PackagesDialog (424)
[2024.05.26-11.52.47:375][722]LogModuleManager: Shutting down and abandoning module Persona (422)
[2024.05.26-11.52.47:375][722]LogModuleManager: Shutting down and abandoning module AdvancedPreviewScene (421)
[2024.05.26-11.52.47:375][722]LogModuleManager: Shutting down and abandoning module AnimGraph (419)
[2024.05.26-11.52.47:375][722]LogModuleManager: Shutting down and abandoning module Kismet (416)
[2024.05.26-11.52.47:375][722]LogModuleManager: Shutting down and abandoning module GraphEditor (414)
[2024.05.26-11.52.47:375][722]LogModuleManager: Shutting down and abandoning module ClassViewer (412)
[2024.05.26-11.52.47:375][722]LogModuleManager: Shutting down and abandoning module Toolbox (410)
[2024.05.26-11.52.47:375][722]LogModuleManager: Shutting down and abandoning module ModuleUI (408)
[2024.05.26-11.52.47:375][722]LogModuleManager: Shutting down and abandoning module MovieSceneTools (406)
[2024.05.26-11.52.47:375][722]LogModuleManager: Shutting down and abandoning module OutputLog (404)
[2024.05.26-11.52.47:375][722]LogModuleManager: Shutting down and abandoning module GammaUI (402)
[2024.05.26-11.52.47:375][722]LogModuleManager: Shutting down and abandoning module Documentation (400)
[2024.05.26-11.52.47:375][722]LogModuleManager: Shutting down and abandoning module MovieSceneTracks (398)
[2024.05.26-11.52.47:375][722]LogModuleManager: Shutting down and abandoning module MovieScene (396)
[2024.05.26-11.52.47:375][722]LogModuleManager: Shutting down and abandoning module StreamingPauseRendering (394)
[2024.05.26-11.52.47:375][722]LogModuleManager: Shutting down and abandoning module LauncherPlatform (392)
[2024.05.26-11.52.47:375][722]LogModuleManager: Shutting down and abandoning module AnalyticsET (390)
[2024.05.26-11.52.47:375][722]LogModuleManager: Shutting down and abandoning module PortalServices (388)
[2024.05.26-11.52.47:375][722]LogModuleManager: Shutting down and abandoning module PortalRpc (386)
[2024.05.26-11.52.47:375][722]LogModuleManager: Shutting down and abandoning module MessagingRpc (384)
[2024.05.26-11.52.47:375][722]LogModuleManager: Shutting down and abandoning module AIModule (382)
[2024.05.26-11.52.47:375][722]LogModuleManager: Shutting down and abandoning module GameplayDebugger (381)
[2024.05.26-11.52.47:375][722]LogModuleManager: Shutting down and abandoning module AITestSuite (379)
[2024.05.26-11.52.47:375][722]LogModuleManager: Shutting down and abandoning module ProfilerService (376)
[2024.05.26-11.52.47:525][722]LogModuleManager: Shutting down and abandoning module TaskGraph (374)
[2024.05.26-11.52.47:525][722]LogModuleManager: Shutting down and abandoning module SteamVRController (372)
[2024.05.26-11.52.47:525][722]LogModuleManager: Shutting down and abandoning module ProceduralMeshComponentEditor (370)
[2024.05.26-11.52.47:525][722]LogModuleManager: Shutting down and abandoning module ProceduralMeshComponent (368)
[2024.05.26-11.52.47:525][722]LogModuleManager: Shutting down and abandoning module OculusInput (366)
[2024.05.26-11.52.47:525][722]LogModuleManager: Shutting down and abandoning module MobilePatchingUtils (364)
[2024.05.26-11.52.47:525][722]LogModuleManager: Shutting down and abandoning module CustomMeshComponent (362)
[2024.05.26-11.52.47:525][722]LogModuleManager: Shutting down and abandoning module CableComponent (360)
[2024.05.26-11.52.47:525][722]LogModuleManager: Shutting down and abandoning module AudioCapture (358)
[2024.05.26-11.52.47:525][722]LogModuleManager: Shutting down and abandoning module ArchVisCharacter (356)
[2024.05.26-11.52.47:525][722]LogModuleManager: Shutting down and abandoning module AndroidPermission (354)
[2024.05.26-11.52.47:525][722]LogModuleManager: Shutting down and abandoning module NUTUnrealEngine4 (350)
[2024.05.26-11.52.47:525][722]LogModuleManager: Shutting down and abandoning module NetcodeUnitTest (348)
[2024.05.26-11.52.47:525][722]LogModuleManager: Shutting down and abandoning module MediaCompositingEditor (346)
[2024.05.26-11.52.47:525][722]LogModuleManager: Shutting down and abandoning module MediaCompositing (344)
[2024.05.26-11.52.47:525][722]LogModuleManager: Shutting down and abandoning module LinearTimecode (342)
[2024.05.26-11.52.47:525][722]LogModuleManager: Shutting down and abandoning module ImgMedia (340)
[2024.05.26-11.52.47:527][722]LogModuleManager: Shutting down and abandoning module HTML5Networking (338)
[2024.05.26-11.52.47:527][722]LogModuleManager: Shutting down and abandoning module AlembicImporter (336)
[2024.05.26-11.52.47:527][722]LogModuleManager: Shutting down and abandoning module AlembicLibrary (335)
[2024.05.26-11.52.47:527][722]LogModuleManager: Shutting down and abandoning module GeometryCache (334)
[2024.05.26-11.52.47:527][722]LogModuleManager: Shutting down and abandoning module GeometryCacheEd (333)
[2024.05.26-11.52.47:527][722]LogModuleManager: Shutting down and abandoning module DatasmithContent (328)
[2024.05.26-11.52.47:527][722]LogModuleManager: Shutting down and abandoning module SpeedTreeImporter (326)
[2024.05.26-11.52.47:527][722]LogModuleManager: Shutting down and abandoning module PluginBrowser (324)
[2024.05.26-11.52.47:527][722]LogModuleManager: Shutting down and abandoning module MobileLauncherProfileWizard (322)
[2024.05.26-11.52.47:527][722]LogModuleManager: Shutting down and abandoning module CryptoKeysOpenSSL (320)
[2024.05.26-11.52.47:527][722]LogModuleManager: Shutting down and abandoning module CryptoKeys (318)
[2024.05.26-11.52.47:527][722]LogModuleManager: Shutting down and abandoning module VisualStudioSourceCodeAccess (316)
[2024.05.26-11.52.47:527][722]LogModuleManager: Shutting down and abandoning module VisualStudioCodeSourceCodeAccess (314)
[2024.05.26-11.52.47:527][722]LogModuleManager: Shutting down and abandoning module UObjectPlugin (312)
[2024.05.26-11.52.47:527][722]LogModuleManager: Shutting down and abandoning module SubversionSourceControl (310)
[2024.05.26-11.52.47:527][722]LogModuleManager: Shutting down and abandoning module PerforceSourceControl (308)
[2024.05.26-11.52.47:527][722]LogModuleManager: Shutting down and abandoning module GitSourceControl (306)
[2024.05.26-11.52.47:527][722]LogModuleManager: Shutting down and abandoning module SourceControl (305)
[2024.05.26-11.52.47:527][722]LogModuleManager: Shutting down and abandoning module CLionSourceCodeAccess (302)
[2024.05.26-11.52.47:527][722]LogModuleManager: Shutting down and abandoning module LightPropagationVolumeEditor (300)
[2024.05.26-11.52.47:527][722]LogModuleManager: Shutting down and abandoning module PaperTiledImporter (298)
[2024.05.26-11.52.47:527][722]LogModuleManager: Shutting down and abandoning module PaperSpriteSheetImporter (296)
[2024.05.26-11.52.47:527][722]LogModuleManager: Shutting down and abandoning module Paper2DEditor (294)
[2024.05.26-11.52.47:527][722]LogModuleManager: Shutting down and abandoning module MeshPaint (293)
[2024.05.26-11.52.47:527][722]LogModuleManager: Shutting down and abandoning module ArenaBattle (290)
[2024.05.26-11.52.47:527][722]LogModuleManager: Shutting down and abandoning module RuntimePhysXCooking (288)
[2024.05.26-11.52.47:527][722]LogModuleManager: Shutting down and abandoning module PhysXVehiclesEditor (286)
[2024.05.26-11.52.47:527][722]LogModuleManager: Shutting down and abandoning module PhysXVehicles (284)
[2024.05.26-11.52.47:527][722]LogModuleManager: Shutting down and abandoning module OculusEditor (282)
[2024.05.26-11.52.47:527][722]LogModuleManager: Shutting down and abandoning module LocationServicesBPLibrary (280)
[2024.05.26-11.52.47:527][722]LogModuleManager: Shutting down and abandoning module ImmediatePhysicsEditor (278)
[2024.05.26-11.52.47:527][722]LogModuleManager: Shutting down and abandoning module ImmediatePhysics (276)
[2024.05.26-11.52.47:527][722]LogModuleManager: Shutting down and abandoning module ActorSequence (274)
[2024.05.26-11.52.47:527][722]LogModuleManager: Shutting down and abandoning module UdpMessaging (272)
[2024.05.26-11.52.47:628][722]LogModuleManager: Shutting down and abandoning module TcpMessaging (270)
[2024.05.26-11.52.47:728][722]LogModuleManager: Shutting down and abandoning module GameplayTagsEditor (268)
[2024.05.26-11.52.47:728][722]LogModuleManager: Shutting down and abandoning module FacialAnimationEditor (266)
[2024.05.26-11.52.47:728][722]LogModuleManager: Shutting down and abandoning module FacialAnimation (264)
[2024.05.26-11.52.47:728][722]LogModuleManager: Shutting down and abandoning module DataValidation (262)
[2024.05.26-11.52.47:728][722]LogModuleManager: Shutting down and abandoning module AssetManagerEditor (260)
[2024.05.26-11.52.47:728][722]LogModuleManager: Shutting down and abandoning module LevelEditor (259)
[2024.05.26-11.52.47:728][722]LogModuleManager: Shutting down and abandoning module PixelInspectorModule (258)
[2024.05.26-11.52.47:728][722]LogModuleManager: Shutting down and abandoning module CommonMenuExtensions (256)
[2024.05.26-11.52.47:728][722]LogModuleManager: Shutting down and abandoning module MainFrame (254)
[2024.05.26-11.52.47:728][722]LogModuleManager: Shutting down and abandoning module HotReload (253)
[2024.05.26-11.52.47:728][722]LogDirectoryWatcher: A directory notification for 'C:/Users/yummy/Documents/Unreal Projects/UE4CPP/ArenaBattle/Binaries/Win64' was aborted.
[2024.05.26-11.52.47:729][722]LogModuleManager: Shutting down and abandoning module ContentBrowser (249)
[2024.05.26-11.52.47:729][722]LogModuleManager: Shutting down and abandoning module TreeMap (247)
[2024.05.26-11.52.47:729][722]LogModuleManager: Shutting down and abandoning module LightPropagationVolumeRuntime (244)
[2024.05.26-11.52.47:729][722]LogModuleManager: Shutting down and abandoning module LiveLinkEditor (242)
[2024.05.26-11.52.47:729][722]LogModuleManager: Shutting down and abandoning module LiveLink (240)
[2024.05.26-11.52.48:271][722]LogModuleManager: Shutting down and abandoning module Paper2D (238)
[2024.05.26-11.52.48:271][722]LogModuleManager: Shutting down and abandoning module WindowsMoviePlayer (236)
[2024.05.26-11.52.48:271][722]LogModuleManager: Shutting down and abandoning module WmfMedia (234)
[2024.05.26-11.52.48:272][722]LogModuleManager: Shutting down and abandoning module Media (233)
[2024.05.26-11.52.48:278][722]LogModuleManager: Shutting down and abandoning module PacketHandler (230)
[2024.05.26-11.52.48:278][722]LogModuleManager: Shutting down and abandoning module ClothingSystemEditor (228)
[2024.05.26-11.52.48:278][722]LogModuleManager: Shutting down and abandoning module ClothingSystemRuntime (226)
[2024.05.26-11.52.48:278][722]LogModuleManager: Shutting down and abandoning module MediaAssets (224)
[2024.05.26-11.52.48:278][722]LogModuleManager: Shutting down and abandoning module Overlay (222)
[2024.05.26-11.52.48:278][722]LogModuleManager: Shutting down and abandoning module OverlayEditor (221)
[2024.05.26-11.52.48:278][722]LogModuleManager: Shutting down and abandoning module VREditor (218)
[2024.05.26-11.52.48:278][722]LogModuleManager: Shutting down and abandoning module StringTableEditor (216)
[2024.05.26-11.52.48:278][722]LogModuleManager: Shutting down and abandoning module GameplayTasksEditor (214)
[2024.05.26-11.52.48:278][722]LogModuleManager: Shutting down and abandoning module BehaviorTreeEditor (212)
[2024.05.26-11.52.48:278][722]LogModuleManager: Shutting down and abandoning module FunctionalTesting (210)
[2024.05.26-11.52.48:278][722]LogModuleManager: Shutting down and abandoning module CollisionAnalyzer (208)
[2024.05.26-11.52.48:278][722]LogModuleManager: Shutting down and abandoning module WorkspaceMenuStructure (207)
[2024.05.26-11.52.48:278][722]LogModuleManager: Shutting down and abandoning module UMG (204)
[2024.05.26-11.52.48:278][722]LogModuleManager: Shutting down and abandoning module UMGEditor (203)
[2024.05.26-11.52.48:278][722]LogModuleManager: Shutting down and abandoning module Sequencer (202)
[2024.05.26-11.52.48:278][722]LogModuleManager: Shutting down and abandoning module MessageLog (199)
[2024.05.26-11.52.48:278][722]LogModuleManager: Shutting down and abandoning module SlateReflector (194)
[2024.05.26-11.52.48:278][722]LogModuleManager: Shutting down and abandoning module Slate (192)
[2024.05.26-11.52.48:278][722]LogModuleManager: Shutting down and abandoning module EditorStyle (190)
[2024.05.26-11.52.48:279][722]LogModuleManager: Shutting down and abandoning module MRMesh (188)
[2024.05.26-11.52.48:279][722]LogModuleManager: Shutting down and abandoning module SourceCodeAccess (186)
[2024.05.26-11.52.48:279][722]LogModuleManager: Shutting down and abandoning module HeadMountedDisplay (184)
[2024.05.26-11.52.48:279][722]LogModuleManager: Shutting down and abandoning module XAudio2 (182)
[2024.05.26-11.52.48:279][722]LogModuleManager: Shutting down and abandoning module Networking (180)
[2024.05.26-11.52.48:279][722]LogModuleManager: Shutting down and abandoning module Core (178)
[2024.05.26-11.52.48:279][722]LogModuleManager: Shutting down and abandoning module LevelSequence (176)
[2024.05.26-11.52.48:279][722]LogModuleManager: Shutting down and abandoning module KismetCompiler (174)
[2024.05.26-11.52.48:279][722]LogModuleManager: Shutting down and abandoning module MeshUtilities (172)
[2024.05.26-11.52.48:279][722]LogModuleManager: Shutting down and abandoning module MeshMergeUtilities (171)
[2024.05.26-11.52.48:279][722]LogModuleManager: Shutting down and abandoning module MeshReductionInterface (170)
[2024.05.26-11.52.48:279][722]LogModuleManager: Shutting down and abandoning module SimplygonSwarm (169)
[2024.05.26-11.52.48:279][722]LogModuleManager: Shutting down and abandoning module SimplygonMeshReduction (167)
[2024.05.26-11.52.48:279][722]LogModuleManager: Shutting down and abandoning module QuadricMeshReduction (165)
[2024.05.26-11.52.48:279][722]LogModuleManager: Shutting down and abandoning module MaterialBaking (161)
[2024.05.26-11.52.48:279][722]LogModuleManager: Shutting down and abandoning module DirectoryWatcher (157)
[2024.05.26-11.52.48:280][722]LogModuleManager: Shutting down and abandoning module DerivedDataCache (154)
[2024.05.26-11.52.48:521][722]LogDerivedDataCache: Shutdown
[2024.05.26-11.52.48:521][722]LogModuleManager: Shutting down and abandoning module XGEController (152)
[2024.05.26-11.52.48:521][722]LogXGEController: Cleaning working directory: C:/Users/yummy/AppData/Local/Temp/UnrealXGEWorkingDir/
[2024.05.26-11.52.48:521][722]LogModuleManager: Shutting down and abandoning module TargetPlatform (150)
[2024.05.26-11.52.48:521][722]LogModuleManager: Shutting down and abandoning module VulkanShaderFormat (149)
[2024.05.26-11.52.48:521][722]LogModuleManager: Shutting down and abandoning module ShaderFormatVectorVM (147)
[2024.05.26-11.52.48:521][722]LogModuleManager: Shutting down and abandoning module ShaderFormatOpenGL (145)
[2024.05.26-11.52.48:521][722]LogModuleManager: Shutting down and abandoning module ShaderFormatD3D (143)
[2024.05.26-11.52.48:521][722]LogModuleManager: Shutting down and abandoning module MetalShaderFormat (141)
[2024.05.26-11.52.48:521][722]LogModuleManager: Shutting down and abandoning module TextureFormatUncompressed (139)
[2024.05.26-11.52.48:521][722]LogModuleManager: Shutting down and abandoning module TextureFormatPVR (137)
[2024.05.26-11.52.48:521][722]LogModuleManager: Shutting down and abandoning module TextureFormatDXT (135)
[2024.05.26-11.52.48:521][722]LogModuleManager: Shutting down and abandoning module TextureFormatIntelISPCTexComp (133)
[2024.05.26-11.52.48:521][722]LogModuleManager: Shutting down and abandoning module TextureFormatASTC (131)
[2024.05.26-11.52.48:521][722]LogModuleManager: Shutting down and abandoning module ImageWrapper (130)
[2024.05.26-11.52.48:521][722]LogModuleManager: Shutting down and abandoning module TextureFormatAndroid (127)
[2024.05.26-11.52.48:521][722]LogModuleManager: Shutting down and abandoning module AudioFormatOpus (125)
[2024.05.26-11.52.48:521][722]LogModuleManager: Shutting down and abandoning module AudioFormatOgg (123)
[2024.05.26-11.52.48:521][722]LogModuleManager: Shutting down and abandoning module AudioFormatADPCM (121)
[2024.05.26-11.52.48:521][722]LogModuleManager: Shutting down and abandoning module LinuxTargetPlatform (119)
[2024.05.26-11.52.48:521][722]LogModuleManager: Shutting down and abandoning module LinuxServerTargetPlatform (117)
[2024.05.26-11.52.48:521][722]LogModuleManager: Shutting down and abandoning module LinuxNoEditorTargetPlatform (115)
[2024.05.26-11.52.48:521][722]LogModuleManager: Shutting down and abandoning module LinuxClientTargetPlatform (113)
[2024.05.26-11.52.48:521][722]LogModuleManager: Shutting down and abandoning module TVOSTargetPlatform (111)
[2024.05.26-11.52.48:521][722]LogModuleManager: Shutting down and abandoning module Messaging (109)
[2024.05.26-11.52.48:521][722]LogModuleManager: Shutting down and abandoning module IOSTargetPlatform (107)
[2024.05.26-11.52.48:521][722]LogModuleManager: Shutting down and abandoning module HTML5TargetPlatform (105)
[2024.05.26-11.52.48:521][722]LogModuleManager: Shutting down and abandoning module AndroidTargetPlatform (103)
[2024.05.26-11.52.48:521][722]LogModuleManager: Shutting down and abandoning module Android_PVRTCTargetPlatform (101)
[2024.05.26-11.52.48:521][722]LogModuleManager: Shutting down and abandoning module Android_MultiTargetPlatform (99)
[2024.05.26-11.52.48:521][722]LogModuleManager: Shutting down and abandoning module Android_ETC2TargetPlatform (97)
[2024.05.26-11.52.48:521][722]LogModuleManager: Shutting down and abandoning module Android_ETC1TargetPlatform (95)
[2024.05.26-11.52.48:521][722]LogModuleManager: Shutting down and abandoning module Android_ETC1aTargetPlatform (93)
[2024.05.26-11.52.48:521][722]LogModuleManager: Shutting down and abandoning module Android_DXTTargetPlatform (91)
[2024.05.26-11.52.48:521][722]LogModuleManager: Shutting down and abandoning module Android_ATCTargetPlatform (89)
[2024.05.26-11.52.48:521][722]LogModuleManager: Shutting down and abandoning module Android_ASTCTargetPlatform (87)
[2024.05.26-11.52.48:521][722]LogModuleManager: Shutting down and abandoning module WindowsTargetPlatform (85)
[2024.05.26-11.52.48:521][722]LogModuleManager: Shutting down and abandoning module WindowsServerTargetPlatform (83)
[2024.05.26-11.52.48:521][722]LogModuleManager: Shutting down and abandoning module WindowsNoEditorTargetPlatform (81)
[2024.05.26-11.52.48:521][722]LogModuleManager: Shutting down and abandoning module WindowsClientTargetPlatform (79)
[2024.05.26-11.52.48:521][722]LogModuleManager: Shutting down and abandoning module MacTargetPlatform (77)
[2024.05.26-11.52.48:521][722]LogModuleManager: Shutting down and abandoning module MacServerTargetPlatform (75)
[2024.05.26-11.52.48:521][722]LogModuleManager: Shutting down and abandoning module MacNoEditorTargetPlatform (73)
[2024.05.26-11.52.48:521][722]LogModuleManager: Shutting down and abandoning module MacClientTargetPlatform (71)
[2024.05.26-11.52.48:521][722]LogModuleManager: Shutting down and abandoning module AllDesktopTargetPlatform (69)
[2024.05.26-11.52.48:521][722]LogModuleManager: Shutting down and abandoning module InputCore (66)
[2024.05.26-11.52.48:521][722]LogModuleManager: Shutting down and abandoning module Settings (64)
[2024.05.26-11.52.48:521][722]LogModuleManager: Shutting down and abandoning module PhysXCooking (62)
[2024.05.26-11.52.48:521][722]LogModuleManager: Shutting down and abandoning module SteamVR (60)
[2024.05.26-11.52.48:521][722]LogModuleManager: Shutting down and abandoning module OculusHMD (58)
[2024.05.26-11.52.48:521][722]LogModuleManager: Shutting down and abandoning module ExampleDeviceProfileSelector (56)
[2024.05.26-11.52.48:521][722]LogModuleManager: Shutting down and abandoning module AppleARKit (54)
[2024.05.26-11.52.48:521][722]LogModuleManager: Shutting down and abandoning module AugmentedReality (51)
[2024.05.26-11.52.48:521][722]LogModuleManager: Shutting down and abandoning module OnlineBlueprintSupport (48)
[2024.05.26-11.52.48:521][722]LogModuleManager: Shutting down and abandoning module OnlineSubsystem (44)
[2024.05.26-11.52.48:521][722]LogModuleManager: Shutting down and abandoning module XMPP (43)
[2024.05.26-11.52.48:521][722]LogModuleManager: Shutting down and abandoning module HTTP (41)
[2024.05.26-11.52.48:521][722]LogHttp: Display: Http module shutting down, but needs to wait on 1 outstanding Http requests:
[2024.05.26-11.52.48:521][722]LogHttp: Display: 	verb=[POST] url=[https://datarouter.ol.epicgames.com/datarouter/api/v1/public/data?SessionID=%7BC0044B97-4329-5482-5F5D-D49E2417FC00%7D&AppID=UEEditor.Rocket.Release&AppVersion=4.19.2-4033788%2B%2B%2BUE4%2BRelease-4.19&UserID=3351941c4f2d714c07530bbc69f59d48%7Cec91734e98df4f8796ee2cc42a75ff7d%7C89f69074-547f-4c15-9b9b-bffbda8077a6&AppEnvironment=datacollector-binary&UploadType=eteventstream] status=Processing
[2024.05.26-11.52.48:552][722]LogModuleManager: Shutting down and abandoning module SSL (40)
[2024.05.26-11.52.48:552][722]LogModuleManager: Shutting down and abandoning module AnimationModifiers (36)
[2024.05.26-11.52.48:552][722]LogModuleManager: Shutting down and abandoning module PropertyEditor (35)
[2024.05.26-11.52.48:552][722]LogModuleManager: Shutting down and abandoning module AudioEditor (32)
[2024.05.26-11.52.48:552][722]LogModuleManager: Shutting down and abandoning module TextureCompressor (30)
[2024.05.26-11.52.48:552][722]LogModuleManager: Shutting down and abandoning module ShaderCore (28)
[2024.05.26-11.52.48:552][722]LogModuleManager: Shutting down and abandoning module Landscape (26)
[2024.05.26-11.52.48:552][722]LogModuleManager: Shutting down and abandoning module SlateRHIRenderer (24)
[2024.05.26-11.52.48:555][722]LogModuleManager: Shutting down and abandoning module OpenGLDrv (22)
[2024.05.26-11.52.48:555][722]LogModuleManager: Shutting down and abandoning module D3D11RHI (20)
[2024.05.26-11.52.48:555][722]LogModuleManager: Shutting down and abandoning module AnimGraphRuntime (18)
[2024.05.26-11.52.48:555][722]LogModuleManager: Shutting down and abandoning module Renderer (16)
[2024.05.26-11.52.48:555][722]LogModuleManager: Shutting down and abandoning module Engine (14)
[2024.05.26-11.52.48:555][722]LogModuleManager: Shutting down and abandoning module CoreUObject (12)
[2024.05.26-11.52.48:555][722]LogModuleManager: Shutting down and abandoning module NetworkFile (10)
[2024.05.26-11.52.48:555][722]LogModuleManager: Shutting down and abandoning module CookedIterativeFile (8)
[2024.05.26-11.52.48:555][722]LogModuleManager: Shutting down and abandoning module StreamingFile (6)
[2024.05.26-11.52.48:555][722]LogModuleManager: Shutting down and abandoning module SandboxFile (4)
[2024.05.26-11.52.48:555][722]LogModuleManager: Shutting down and abandoning module PakFile (2)
[2024.05.26-11.52.48:563][722]LogExit: Exiting.
[2024.05.26-11.52.48:568][722]Log file closed, 05/26/24 20:52:48
